{"/Users/baldez/React_Web_Project/backend/server.js": {"path":"/Users/baldez/React_Web_Project/backend/server.js","statementMap":{"0":{"start":{"line":1,"column":0},"end":{"line":1,"column":27}},"1":{"start":{"line":2,"column":16},"end":{"line":2,"column":34}},"2":{"start":{"line":3,"column":21},"end":{"line":3,"column":45}},"3":{"start":{"line":4,"column":18},"end":{"line":4,"column":47}},"4":{"start":{"line":5,"column":19},"end":{"line":5,"column":43}},"5":{"start":{"line":6,"column":23},"end":{"line":6,"column":51}},"6":{"start":{"line":7,"column":21},"end":{"line":7,"column":47}},"7":{"start":{"line":8,"column":13},"end":{"line":8,"column":28}},"8":{"start":{"line":9,"column":25},"end":{"line":9,"column":65}},"9":{"start":{"line":10,"column":24},"end":{"line":10,"column":57}},"10":{"start":{"line":11,"column":18},"end":{"line":11,"column":40}},"11":{"start":{"line":12,"column":15},"end":{"line":12,"column":41}},"12":{"start":{"line":15,"column":12},"end":{"line":15,"column":21}},"13":{"start":{"line":16,"column":13},"end":{"line":16,"column":37}},"14":{"start":{"line":17,"column":20},"end":{"line":17,"column":49}},"15":{"start":{"line":18,"column":0},"end":{"line":18,"column":12}},"16":{"start":{"line":21,"column":0},"end":{"line":21,"column":16}},"17":{"start":{"line":22,"column":0},"end":{"line":22,"column":24}},"18":{"start":{"line":23,"column":0},"end":{"line":23,"column":40}},"19":{"start":{"line":26,"column":0},"end":{"line":26,"column":33}},"20":{"start":{"line":28,"column":0},"end":{"line":28,"column":37}},"21":{"start":{"line":30,"column":0},"end":{"line":30,"column":37}},"22":{"start":{"line":32,"column":0},"end":{"line":32,"column":68}},"23":{"start":{"line":34,"column":0},"end":{"line":34,"column":42}},"24":{"start":{"line":36,"column":0},"end":{"line":36,"column":39}},"25":{"start":{"line":38,"column":0},"end":{"line":40,"column":2}},"26":{"start":{"line":39,"column":2},"end":{"line":39,"column":62}},"27":{"start":{"line":42,"column":0},"end":{"line":42,"column":44}},"28":{"start":{"line":43,"column":0},"end":{"line":43,"column":43}},"29":{"start":{"line":44,"column":0},"end":{"line":44,"column":35}},"30":{"start":{"line":46,"column":0},"end":{"line":46,"column":21}}},"fnMap":{"0":{"name":"(anonymous_0)","decl":{"start":{"line":38,"column":17},"end":{"line":38,"column":18}},"loc":{"start":{"line":39,"column":2},"end":{"line":39,"column":62}},"line":39}},"branchMap":{"0":{"loc":{"start":{"line":16,"column":13},"end":{"line":16,"column":37}},"type":"binary-expr","locations":[{"start":{"line":16,"column":13},"end":{"line":16,"column":29}},{"start":{"line":16,"column":33},"end":{"line":16,"column":37}}],"line":16}},"s":{"0":1,"1":1,"2":1,"3":1,"4":1,"5":1,"6":1,"7":1,"8":1,"9":1,"10":1,"11":1,"12":1,"13":1,"14":1,"15":1,"16":1,"17":1,"18":1,"19":1,"20":1,"21":1,"22":1,"23":1,"24":1,"25":1,"26":1,"27":1,"28":1,"29":1,"30":1},"f":{"0":1},"b":{"0":[1,0]},"_coverageSchema":"1a1c01bbd47fc00a2c39e90264f33305004495a9","hash":"fa4fe95feeb94625cf4a04632635ae8e6a1f49d1"}
,"/Users/baldez/React_Web_Project/backend/config/config.js": {"path":"/Users/baldez/React_Web_Project/backend/config/config.js","statementMap":{"0":{"start":{"line":2,"column":0},"end":{"line":2,"column":27}},"1":{"start":{"line":3,"column":17},"end":{"line":3,"column":53}},"2":{"start":{"line":4,"column":13},"end":{"line":4,"column":29}},"3":{"start":{"line":7,"column":2},"end":{"line":9,"column":27}},"4":{"start":{"line":11,"column":0},"end":{"line":15,"column":2}}},"fnMap":{},"branchMap":{"0":{"loc":{"start":{"line":3,"column":17},"end":{"line":3,"column":53}},"type":"binary-expr","locations":[{"start":{"line":3,"column":17},"end":{"line":3,"column":37}},{"start":{"line":3,"column":40},"end":{"line":3,"column":53}}],"line":3},"1":{"loc":{"start":{"line":7,"column":2},"end":{"line":9,"column":27}},"type":"cond-expr","locations":[{"start":{"line":8,"column":6},"end":{"line":8,"column":32}},{"start":{"line":9,"column":6},"end":{"line":9,"column":27}}],"line":7}},"s":{"0":1,"1":1,"2":1,"3":1,"4":1},"f":{},"b":{"0":[1,0],"1":[1,0]},"_coverageSchema":"1a1c01bbd47fc00a2c39e90264f33305004495a9","hash":"4b54c82925363c01512425c34812e43d05e9ae44"}
,"/Users/baldez/React_Web_Project/backend/config/db.js": {"path":"/Users/baldez/React_Web_Project/backend/config/db.js","statementMap":{"0":{"start":{"line":1,"column":17},"end":{"line":1,"column":36}},"1":{"start":{"line":2,"column":22},"end":{"line":2,"column":41}},"2":{"start":{"line":4,"column":0},"end":{"line":4,"column":27}},"3":{"start":{"line":6,"column":18},"end":{"line":9,"column":1}},"4":{"start":{"line":7,"column":15},"end":{"line":7,"column":48}},"5":{"start":{"line":8,"column":2},"end":{"line":8,"column":39}},"6":{"start":{"line":11,"column":0},"end":{"line":11,"column":27}}},"fnMap":{"0":{"name":"(anonymous_0)","decl":{"start":{"line":6,"column":18},"end":{"line":6,"column":19}},"loc":{"start":{"line":6,"column":30},"end":{"line":9,"column":1}},"line":6}},"branchMap":{},"s":{"0":1,"1":1,"2":1,"3":1,"4":1,"5":1,"6":1},"f":{"0":1},"b":{},"_coverageSchema":"1a1c01bbd47fc00a2c39e90264f33305004495a9","hash":"f10db5d89ad5afc800a6a9075c389bdd4e4e2155"}
,"/Users/baldez/React_Web_Project/backend/controllers/orderController.js": {"path":"/Users/baldez/React_Web_Project/backend/controllers/orderController.js","statementMap":{"0":{"start":{"line":1,"column":14},"end":{"line":1,"column":45}},"1":{"start":{"line":3,"column":18},"end":{"line":13,"column":1}},"2":{"start":{"line":4,"column":2},"end":{"line":12,"column":3}},"3":{"start":{"line":5,"column":33},"end":{"line":5,"column":41}},"4":{"start":{"line":7,"column":18},"end":{"line":7,"column":57}},"5":{"start":{"line":9,"column":4},"end":{"line":9,"column":39}},"6":{"start":{"line":11,"column":4},"end":{"line":11,"column":60}},"7":{"start":{"line":15,"column":27},"end":{"line":25,"column":1}},"8":{"start":{"line":16,"column":2},"end":{"line":24,"column":3}},"9":{"start":{"line":17,"column":23},"end":{"line":17,"column":33}},"10":{"start":{"line":19,"column":19},"end":{"line":19,"column":57}},"11":{"start":{"line":21,"column":4},"end":{"line":21,"column":40}},"12":{"start":{"line":23,"column":4},"end":{"line":23,"column":60}},"13":{"start":{"line":27,"column":24},"end":{"line":40,"column":1}},"14":{"start":{"line":28,"column":2},"end":{"line":39,"column":3}},"15":{"start":{"line":29,"column":24},"end":{"line":29,"column":34}},"16":{"start":{"line":31,"column":25},"end":{"line":31,"column":61}},"17":{"start":{"line":33,"column":4},"end":{"line":34,"column":66}},"18":{"start":{"line":34,"column":6},"end":{"line":34,"column":66}},"19":{"start":{"line":36,"column":4},"end":{"line":36,"column":46}},"20":{"start":{"line":38,"column":4},"end":{"line":38,"column":60}},"21":{"start":{"line":42,"column":24},"end":{"line":56,"column":1}},"22":{"start":{"line":43,"column":2},"end":{"line":55,"column":3}},"23":{"start":{"line":44,"column":24},"end":{"line":44,"column":34}},"24":{"start":{"line":45,"column":26},"end":{"line":45,"column":34}},"25":{"start":{"line":47,"column":25},"end":{"line":47,"column":72}},"26":{"start":{"line":49,"column":4},"end":{"line":50,"column":66}},"27":{"start":{"line":50,"column":6},"end":{"line":50,"column":66}},"28":{"start":{"line":52,"column":4},"end":{"line":52,"column":46}},"29":{"start":{"line":54,"column":4},"end":{"line":54,"column":60}},"30":{"start":{"line":58,"column":0},"end":{"line":63,"column":2}}},"fnMap":{"0":{"name":"(anonymous_0)","decl":{"start":{"line":3,"column":18},"end":{"line":3,"column":19}},"loc":{"start":{"line":3,"column":38},"end":{"line":13,"column":1}},"line":3},"1":{"name":"(anonymous_1)","decl":{"start":{"line":15,"column":27},"end":{"line":15,"column":28}},"loc":{"start":{"line":15,"column":47},"end":{"line":25,"column":1}},"line":15},"2":{"name":"(anonymous_2)","decl":{"start":{"line":27,"column":24},"end":{"line":27,"column":25}},"loc":{"start":{"line":27,"column":44},"end":{"line":40,"column":1}},"line":27},"3":{"name":"(anonymous_3)","decl":{"start":{"line":42,"column":24},"end":{"line":42,"column":25}},"loc":{"start":{"line":42,"column":44},"end":{"line":56,"column":1}},"line":42}},"branchMap":{"0":{"loc":{"start":{"line":33,"column":4},"end":{"line":34,"column":66}},"type":"if","locations":[{"start":{"line":33,"column":4},"end":{"line":34,"column":66}},{"start":{},"end":{}}],"line":33},"1":{"loc":{"start":{"line":49,"column":4},"end":{"line":50,"column":66}},"type":"if","locations":[{"start":{"line":49,"column":4},"end":{"line":50,"column":66}},{"start":{},"end":{}}],"line":49}},"s":{"0":1,"1":1,"2":0,"3":0,"4":0,"5":0,"6":0,"7":1,"8":0,"9":0,"10":0,"11":0,"12":0,"13":1,"14":0,"15":0,"16":0,"17":0,"18":0,"19":0,"20":0,"21":1,"22":0,"23":0,"24":0,"25":0,"26":0,"27":0,"28":0,"29":0,"30":1},"f":{"0":0,"1":0,"2":0,"3":0},"b":{"0":[0,0],"1":[0,0]},"_coverageSchema":"1a1c01bbd47fc00a2c39e90264f33305004495a9","hash":"18c413bbd932ea4c1bdf21fc22906a0af17117b5"}
,"/Users/baldez/React_Web_Project/backend/controllers/productController.js": {"path":"/Users/baldez/React_Web_Project/backend/controllers/productController.js","statementMap":{"0":{"start":{"line":1,"column":21},"end":{"line":1,"column":54}},"1":{"start":{"line":2,"column":30},"end":{"line":2,"column":49}},"2":{"start":{"line":5,"column":23},"end":{"line":9,"column":1}},"3":{"start":{"line":6,"column":23},"end":{"line":6,"column":50}},"4":{"start":{"line":8,"column":2},"end":{"line":8,"column":37}},"5":{"start":{"line":12,"column":30},"end":{"line":25,"column":1}},"6":{"start":{"line":13,"column":2},"end":{"line":24,"column":3}},"7":{"start":{"line":14,"column":19},"end":{"line":14,"column":29}},"8":{"start":{"line":15,"column":25},"end":{"line":15,"column":66}},"9":{"start":{"line":17,"column":4},"end":{"line":19,"column":5}},"10":{"start":{"line":18,"column":6},"end":{"line":18,"column":74}},"11":{"start":{"line":21,"column":4},"end":{"line":21,"column":39}},"12":{"start":{"line":23,"column":4},"end":{"line":23,"column":63}},"13":{"start":{"line":29,"column":33},"end":{"line":45,"column":1}},"14":{"start":{"line":30,"column":2},"end":{"line":44,"column":3}},"15":{"start":{"line":31,"column":25},"end":{"line":31,"column":35}},"16":{"start":{"line":32,"column":25},"end":{"line":35,"column":6}},"17":{"start":{"line":37,"column":4},"end":{"line":39,"column":5}},"18":{"start":{"line":38,"column":6},"end":{"line":38,"column":77}},"19":{"start":{"line":41,"column":4},"end":{"line":41,"column":39}},"20":{"start":{"line":43,"column":4},"end":{"line":43,"column":63}},"21":{"start":{"line":48,"column":23},"end":{"line":62,"column":1}},"22":{"start":{"line":49,"column":17},"end":{"line":49,"column":27}},"23":{"start":{"line":51,"column":2},"end":{"line":53,"column":3}},"24":{"start":{"line":52,"column":4},"end":{"line":52,"column":61}},"25":{"start":{"line":55,"column":22},"end":{"line":55,"column":53}},"26":{"start":{"line":57,"column":2},"end":{"line":59,"column":3}},"27":{"start":{"line":58,"column":4},"end":{"line":58,"column":69}},"28":{"start":{"line":61,"column":2},"end":{"line":61,"column":36}},"29":{"start":{"line":65,"column":22},"end":{"line":101,"column":1}},"30":{"start":{"line":66,"column":23},"end":{"line":66,"column":31}},"31":{"start":{"line":67,"column":26},"end":{"line":67,"column":28}},"32":{"start":{"line":69,"column":2},"end":{"line":98,"column":3}},"33":{"start":{"line":70,"column":4},"end":{"line":97,"column":5}},"34":{"start":{"line":81,"column":10},"end":{"line":81,"column":14}},"35":{"start":{"line":82,"column":22},"end":{"line":92,"column":8}},"36":{"start":{"line":94,"column":6},"end":{"line":94,"column":36}},"37":{"start":{"line":96,"column":6},"end":{"line":96,"column":54}},"38":{"start":{"line":100,"column":2},"end":{"line":100,"column":76}},"39":{"start":{"line":104,"column":22},"end":{"line":126,"column":1}},"40":{"start":{"line":105,"column":2},"end":{"line":125,"column":3}},"41":{"start":{"line":106,"column":19},"end":{"line":106,"column":29}},"42":{"start":{"line":107,"column":4},"end":{"line":109,"column":5}},"43":{"start":{"line":108,"column":6},"end":{"line":108,"column":63}},"44":{"start":{"line":111,"column":24},"end":{"line":114,"column":5}},"45":{"start":{"line":116,"column":4},"end":{"line":118,"column":5}},"46":{"start":{"line":117,"column":6},"end":{"line":117,"column":71}},"47":{"start":{"line":120,"column":4},"end":{"line":122,"column":70}},"48":{"start":{"line":124,"column":4},"end":{"line":124,"column":63}},"49":{"start":{"line":129,"column":22},"end":{"line":149,"column":1}},"50":{"start":{"line":130,"column":2},"end":{"line":148,"column":3}},"51":{"start":{"line":131,"column":19},"end":{"line":131,"column":29}},"52":{"start":{"line":133,"column":4},"end":{"line":135,"column":5}},"53":{"start":{"line":134,"column":6},"end":{"line":134,"column":63}},"54":{"start":{"line":137,"column":24},"end":{"line":137,"column":72}},"55":{"start":{"line":139,"column":4},"end":{"line":141,"column":5}},"56":{"start":{"line":140,"column":6},"end":{"line":140,"column":71}},"57":{"start":{"line":143,"column":4},"end":{"line":145,"column":70}},"58":{"start":{"line":147,"column":4},"end":{"line":147,"column":63}},"59":{"start":{"line":152,"column":23},"end":{"line":167,"column":1}},"60":{"start":{"line":153,"column":2},"end":{"line":166,"column":3}},"61":{"start":{"line":154,"column":19},"end":{"line":154,"column":29}},"62":{"start":{"line":155,"column":25},"end":{"line":155,"column":72}},"63":{"start":{"line":157,"column":4},"end":{"line":159,"column":5}},"64":{"start":{"line":158,"column":6},"end":{"line":158,"column":74}},"65":{"start":{"line":161,"column":4},"end":{"line":163,"column":72}},"66":{"start":{"line":165,"column":4},"end":{"line":165,"column":63}},"67":{"start":{"line":170,"column":26},"end":{"line":189,"column":1}},"68":{"start":{"line":171,"column":2},"end":{"line":188,"column":3}},"69":{"start":{"line":172,"column":25},"end":{"line":172,"column":35}},"70":{"start":{"line":173,"column":25},"end":{"line":176,"column":6}},"71":{"start":{"line":178,"column":4},"end":{"line":180,"column":5}},"72":{"start":{"line":179,"column":6},"end":{"line":179,"column":74}},"73":{"start":{"line":182,"column":4},"end":{"line":185,"column":7}},"74":{"start":{"line":187,"column":4},"end":{"line":187,"column":63}},"75":{"start":{"line":191,"column":28},"end":{"line":206,"column":1}},"76":{"start":{"line":192,"column":2},"end":{"line":205,"column":3}},"77":{"start":{"line":193,"column":18},"end":{"line":193,"column":34}},"78":{"start":{"line":194,"column":25},"end":{"line":196,"column":6}},"79":{"start":{"line":198,"column":4},"end":{"line":200,"column":5}},"80":{"start":{"line":199,"column":6},"end":{"line":199,"column":68}},"81":{"start":{"line":202,"column":4},"end":{"line":202,"column":39}},"82":{"start":{"line":204,"column":4},"end":{"line":204,"column":63}},"83":{"start":{"line":208,"column":0},"end":{"line":219,"column":2}}},"fnMap":{"0":{"name":"(anonymous_0)","decl":{"start":{"line":5,"column":23},"end":{"line":5,"column":24}},"loc":{"start":{"line":5,"column":43},"end":{"line":9,"column":1}},"line":5},"1":{"name":"(anonymous_1)","decl":{"start":{"line":12,"column":30},"end":{"line":12,"column":31}},"loc":{"start":{"line":12,"column":50},"end":{"line":25,"column":1}},"line":12},"2":{"name":"(anonymous_2)","decl":{"start":{"line":29,"column":33},"end":{"line":29,"column":34}},"loc":{"start":{"line":29,"column":53},"end":{"line":45,"column":1}},"line":29},"3":{"name":"(anonymous_3)","decl":{"start":{"line":48,"column":23},"end":{"line":48,"column":24}},"loc":{"start":{"line":48,"column":43},"end":{"line":62,"column":1}},"line":48},"4":{"name":"(anonymous_4)","decl":{"start":{"line":65,"column":22},"end":{"line":65,"column":23}},"loc":{"start":{"line":65,"column":42},"end":{"line":101,"column":1}},"line":65},"5":{"name":"(anonymous_5)","decl":{"start":{"line":104,"column":22},"end":{"line":104,"column":23}},"loc":{"start":{"line":104,"column":42},"end":{"line":126,"column":1}},"line":104},"6":{"name":"(anonymous_6)","decl":{"start":{"line":129,"column":22},"end":{"line":129,"column":23}},"loc":{"start":{"line":129,"column":42},"end":{"line":149,"column":1}},"line":129},"7":{"name":"(anonymous_7)","decl":{"start":{"line":152,"column":23},"end":{"line":152,"column":24}},"loc":{"start":{"line":152,"column":43},"end":{"line":167,"column":1}},"line":152},"8":{"name":"(anonymous_8)","decl":{"start":{"line":170,"column":26},"end":{"line":170,"column":27}},"loc":{"start":{"line":170,"column":46},"end":{"line":189,"column":1}},"line":170},"9":{"name":"(anonymous_9)","decl":{"start":{"line":191,"column":28},"end":{"line":191,"column":29}},"loc":{"start":{"line":191,"column":48},"end":{"line":206,"column":1}},"line":191}},"branchMap":{"0":{"loc":{"start":{"line":17,"column":4},"end":{"line":19,"column":5}},"type":"if","locations":[{"start":{"line":17,"column":4},"end":{"line":19,"column":5}},{"start":{},"end":{}}],"line":17},"1":{"loc":{"start":{"line":37,"column":4},"end":{"line":39,"column":5}},"type":"if","locations":[{"start":{"line":37,"column":4},"end":{"line":39,"column":5}},{"start":{},"end":{}}],"line":37},"2":{"loc":{"start":{"line":51,"column":2},"end":{"line":53,"column":3}},"type":"if","locations":[{"start":{"line":51,"column":2},"end":{"line":53,"column":3}},{"start":{},"end":{}}],"line":51},"3":{"loc":{"start":{"line":57,"column":2},"end":{"line":59,"column":3}},"type":"if","locations":[{"start":{"line":57,"column":2},"end":{"line":59,"column":3}},{"start":{},"end":{}}],"line":57},"4":{"loc":{"start":{"line":107,"column":4},"end":{"line":109,"column":5}},"type":"if","locations":[{"start":{"line":107,"column":4},"end":{"line":109,"column":5}},{"start":{},"end":{}}],"line":107},"5":{"loc":{"start":{"line":116,"column":4},"end":{"line":118,"column":5}},"type":"if","locations":[{"start":{"line":116,"column":4},"end":{"line":118,"column":5}},{"start":{},"end":{}}],"line":116},"6":{"loc":{"start":{"line":133,"column":4},"end":{"line":135,"column":5}},"type":"if","locations":[{"start":{"line":133,"column":4},"end":{"line":135,"column":5}},{"start":{},"end":{}}],"line":133},"7":{"loc":{"start":{"line":139,"column":4},"end":{"line":141,"column":5}},"type":"if","locations":[{"start":{"line":139,"column":4},"end":{"line":141,"column":5}},{"start":{},"end":{}}],"line":139},"8":{"loc":{"start":{"line":157,"column":4},"end":{"line":159,"column":5}},"type":"if","locations":[{"start":{"line":157,"column":4},"end":{"line":159,"column":5}},{"start":{},"end":{}}],"line":157},"9":{"loc":{"start":{"line":178,"column":4},"end":{"line":180,"column":5}},"type":"if","locations":[{"start":{"line":178,"column":4},"end":{"line":180,"column":5}},{"start":{},"end":{}}],"line":178},"10":{"loc":{"start":{"line":198,"column":4},"end":{"line":200,"column":5}},"type":"if","locations":[{"start":{"line":198,"column":4},"end":{"line":200,"column":5}},{"start":{},"end":{}}],"line":198}},"s":{"0":1,"1":1,"2":1,"3":0,"4":0,"5":1,"6":0,"7":0,"8":0,"9":0,"10":0,"11":0,"12":0,"13":1,"14":0,"15":0,"16":0,"17":0,"18":0,"19":0,"20":0,"21":1,"22":0,"23":0,"24":0,"25":0,"26":0,"27":0,"28":0,"29":1,"30":0,"31":0,"32":0,"33":0,"34":0,"35":0,"36":0,"37":0,"38":0,"39":1,"40":0,"41":0,"42":0,"43":0,"44":0,"45":0,"46":0,"47":0,"48":0,"49":1,"50":0,"51":0,"52":0,"53":0,"54":0,"55":0,"56":0,"57":0,"58":0,"59":1,"60":0,"61":0,"62":0,"63":0,"64":0,"65":0,"66":0,"67":1,"68":0,"69":0,"70":0,"71":0,"72":0,"73":0,"74":0,"75":1,"76":0,"77":0,"78":0,"79":0,"80":0,"81":0,"82":0,"83":1},"f":{"0":0,"1":0,"2":0,"3":0,"4":0,"5":0,"6":0,"7":0,"8":0,"9":0},"b":{"0":[0,0],"1":[0,0],"2":[0,0],"3":[0,0],"4":[0,0],"5":[0,0],"6":[0,0],"7":[0,0],"8":[0,0],"9":[0,0],"10":[0,0]},"_coverageSchema":"1a1c01bbd47fc00a2c39e90264f33305004495a9","hash":"5d1199e0455bcdbb561b18c0f91aacb1f9adfb9a"}
,"/Users/baldez/React_Web_Project/backend/controllers/userController.js": {"path":"/Users/baldez/React_Web_Project/backend/controllers/userController.js","statementMap":{"0":{"start":{"line":1,"column":0},"end":{"line":1,"column":27}},"1":{"start":{"line":2,"column":13},"end":{"line":2,"column":43}},"2":{"start":{"line":3,"column":19},"end":{"line":3,"column":55}},"3":{"start":{"line":4,"column":18},"end":{"line":4,"column":44}},"4":{"start":{"line":5,"column":15},"end":{"line":5,"column":32}},"5":{"start":{"line":6,"column":21},"end":{"line":6,"column":59}},"6":{"start":{"line":7,"column":12},"end":{"line":7,"column":35}},"7":{"start":{"line":8,"column":18},"end":{"line":8,"column":38}},"8":{"start":{"line":10,"column":20},"end":{"line":14,"column":1}},"9":{"start":{"line":11,"column":2},"end":{"line":13,"column":5}},"10":{"start":{"line":16,"column":21},"end":{"line":24,"column":1}},"11":{"start":{"line":17,"column":2},"end":{"line":23,"column":3}},"12":{"start":{"line":18,"column":17},"end":{"line":18,"column":46}},"13":{"start":{"line":20,"column":4},"end":{"line":20,"column":38}},"14":{"start":{"line":22,"column":4},"end":{"line":22,"column":60}},"15":{"start":{"line":26,"column":18},"end":{"line":43,"column":1}},"16":{"start":{"line":27,"column":43},"end":{"line":27,"column":51}},"17":{"start":{"line":29,"column":2},"end":{"line":42,"column":3}},"18":{"start":{"line":30,"column":17},"end":{"line":30,"column":63}},"19":{"start":{"line":32,"column":24},"end":{"line":32,"column":45}},"20":{"start":{"line":33,"column":25},"end":{"line":33,"column":65}},"21":{"start":{"line":35,"column":4},"end":{"line":39,"column":7}},"22":{"start":{"line":41,"column":4},"end":{"line":41,"column":60}},"23":{"start":{"line":45,"column":19},"end":{"line":53,"column":1}},"24":{"start":{"line":46,"column":2},"end":{"line":52,"column":3}},"25":{"start":{"line":47,"column":17},"end":{"line":47,"column":48}},"26":{"start":{"line":49,"column":4},"end":{"line":49,"column":38}},"27":{"start":{"line":51,"column":4},"end":{"line":51,"column":60}},"28":{"start":{"line":55,"column":21},"end":{"line":69,"column":1}},"29":{"start":{"line":56,"column":2},"end":{"line":68,"column":3}},"30":{"start":{"line":57,"column":17},"end":{"line":57,"column":50}},"31":{"start":{"line":59,"column":4},"end":{"line":63,"column":5}},"32":{"start":{"line":60,"column":6},"end":{"line":62,"column":64}},"33":{"start":{"line":65,"column":4},"end":{"line":65,"column":72}},"34":{"start":{"line":67,"column":4},"end":{"line":67,"column":60}},"35":{"start":{"line":71,"column":23},"end":{"line":94,"column":1}},"36":{"start":{"line":72,"column":2},"end":{"line":93,"column":3}},"37":{"start":{"line":73,"column":17},"end":{"line":73,"column":50}},"38":{"start":{"line":75,"column":4},"end":{"line":77,"column":5}},"39":{"start":{"line":76,"column":6},"end":{"line":76,"column":77}},"40":{"start":{"line":79,"column":26},"end":{"line":79,"column":30}},"41":{"start":{"line":80,"column":24},"end":{"line":80,"column":32}},"42":{"start":{"line":82,"column":4},"end":{"line":82,"column":39}},"43":{"start":{"line":84,"column":24},"end":{"line":88,"column":5}},"44":{"start":{"line":90,"column":4},"end":{"line":90,"column":45}},"45":{"start":{"line":92,"column":4},"end":{"line":92,"column":60}},"46":{"start":{"line":96,"column":28},"end":{"line":129,"column":1}},"47":{"start":{"line":97,"column":2},"end":{"line":128,"column":3}},"48":{"start":{"line":98,"column":17},"end":{"line":98,"column":50}},"49":{"start":{"line":100,"column":4},"end":{"line":104,"column":5}},"50":{"start":{"line":101,"column":6},"end":{"line":103,"column":64}},"51":{"start":{"line":106,"column":26},"end":{"line":106,"column":30}},"52":{"start":{"line":107,"column":26},"end":{"line":107,"column":34}},"53":{"start":{"line":109,"column":25},"end":{"line":111,"column":5}},"54":{"start":{"line":110,"column":19},"end":{"line":110,"column":44}},"55":{"start":{"line":113,"column":4},"end":{"line":117,"column":5}},"56":{"start":{"line":114,"column":6},"end":{"line":114,"column":40}},"57":{"start":{"line":116,"column":6},"end":{"line":116,"column":80}},"58":{"start":{"line":119,"column":24},"end":{"line":123,"column":5}},"59":{"start":{"line":125,"column":4},"end":{"line":125,"column":45}},"60":{"start":{"line":127,"column":4},"end":{"line":127,"column":60}},"61":{"start":{"line":132,"column":18},"end":{"line":154,"column":1}},"62":{"start":{"line":133,"column":20},"end":{"line":133,"column":28}},"63":{"start":{"line":135,"column":2},"end":{"line":137,"column":3}},"64":{"start":{"line":136,"column":4},"end":{"line":136,"column":71}},"65":{"start":{"line":139,"column":2},"end":{"line":153,"column":3}},"66":{"start":{"line":140,"column":16},"end":{"line":140,"column":50}},"67":{"start":{"line":142,"column":17},"end":{"line":142,"column":72}},"68":{"start":{"line":144,"column":4},"end":{"line":148,"column":6}},"69":{"start":{"line":150,"column":4},"end":{"line":150,"column":75}},"70":{"start":{"line":152,"column":4},"end":{"line":152,"column":40}},"71":{"start":{"line":156,"column":24},"end":{"line":197,"column":1}},"72":{"start":{"line":157,"column":18},"end":{"line":157,"column":28}},"73":{"start":{"line":158,"column":23},"end":{"line":158,"column":31}},"74":{"start":{"line":160,"column":2},"end":{"line":196,"column":3}},"75":{"start":{"line":161,"column":24},"end":{"line":161,"column":53}},"76":{"start":{"line":163,"column":4},"end":{"line":165,"column":5}},"77":{"start":{"line":164,"column":6},"end":{"line":164,"column":66}},"78":{"start":{"line":168,"column":4},"end":{"line":170,"column":5}},"79":{"start":{"line":169,"column":6},"end":{"line":169,"column":62}},"80":{"start":{"line":172,"column":4},"end":{"line":174,"column":5}},"81":{"start":{"line":173,"column":6},"end":{"line":173,"column":76}},"82":{"start":{"line":176,"column":4},"end":{"line":181,"column":5}},"83":{"start":{"line":177,"column":6},"end":{"line":180,"column":9}},"84":{"start":{"line":183,"column":27},"end":{"line":183,"column":58}},"85":{"start":{"line":185,"column":17},"end":{"line":189,"column":5}},"86":{"start":{"line":191,"column":4},"end":{"line":191,"column":36}},"87":{"start":{"line":193,"column":4},"end":{"line":193,"column":38}},"88":{"start":{"line":195,"column":4},"end":{"line":195,"column":60}},"89":{"start":{"line":199,"column":0},"end":{"line":209,"column":2}}},"fnMap":{"0":{"name":"(anonymous_0)","decl":{"start":{"line":10,"column":20},"end":{"line":10,"column":21}},"loc":{"start":{"line":10,"column":29},"end":{"line":14,"column":1}},"line":10},"1":{"name":"(anonymous_1)","decl":{"start":{"line":16,"column":21},"end":{"line":16,"column":22}},"loc":{"start":{"line":16,"column":41},"end":{"line":24,"column":1}},"line":16},"2":{"name":"(anonymous_2)","decl":{"start":{"line":26,"column":18},"end":{"line":26,"column":19}},"loc":{"start":{"line":26,"column":38},"end":{"line":43,"column":1}},"line":26},"3":{"name":"(anonymous_3)","decl":{"start":{"line":45,"column":19},"end":{"line":45,"column":20}},"loc":{"start":{"line":45,"column":39},"end":{"line":53,"column":1}},"line":45},"4":{"name":"(anonymous_4)","decl":{"start":{"line":55,"column":21},"end":{"line":55,"column":22}},"loc":{"start":{"line":55,"column":41},"end":{"line":69,"column":1}},"line":55},"5":{"name":"(anonymous_5)","decl":{"start":{"line":71,"column":23},"end":{"line":71,"column":24}},"loc":{"start":{"line":71,"column":43},"end":{"line":94,"column":1}},"line":71},"6":{"name":"(anonymous_6)","decl":{"start":{"line":96,"column":28},"end":{"line":96,"column":29}},"loc":{"start":{"line":96,"column":48},"end":{"line":129,"column":1}},"line":96},"7":{"name":"(anonymous_7)","decl":{"start":{"line":110,"column":6},"end":{"line":110,"column":7}},"loc":{"start":{"line":110,"column":19},"end":{"line":110,"column":44}},"line":110},"8":{"name":"(anonymous_8)","decl":{"start":{"line":132,"column":18},"end":{"line":132,"column":19}},"loc":{"start":{"line":132,"column":38},"end":{"line":154,"column":1}},"line":132},"9":{"name":"(anonymous_9)","decl":{"start":{"line":156,"column":24},"end":{"line":156,"column":25}},"loc":{"start":{"line":156,"column":44},"end":{"line":197,"column":1}},"line":156}},"branchMap":{"0":{"loc":{"start":{"line":59,"column":4},"end":{"line":63,"column":5}},"type":"if","locations":[{"start":{"line":59,"column":4},"end":{"line":63,"column":5}},{"start":{},"end":{}}],"line":59},"1":{"loc":{"start":{"line":75,"column":4},"end":{"line":77,"column":5}},"type":"if","locations":[{"start":{"line":75,"column":4},"end":{"line":77,"column":5}},{"start":{},"end":{}}],"line":75},"2":{"loc":{"start":{"line":82,"column":4},"end":{"line":82,"column":38}},"type":"binary-expr","locations":[{"start":{"line":82,"column":4},"end":{"line":82,"column":11}},{"start":{"line":82,"column":15},"end":{"line":82,"column":38}}],"line":82},"3":{"loc":{"start":{"line":100,"column":4},"end":{"line":104,"column":5}},"type":"if","locations":[{"start":{"line":100,"column":4},"end":{"line":104,"column":5}},{"start":{},"end":{}}],"line":100},"4":{"loc":{"start":{"line":113,"column":4},"end":{"line":117,"column":5}},"type":"if","locations":[{"start":{"line":113,"column":4},"end":{"line":117,"column":5}},{"start":{"line":115,"column":11},"end":{"line":117,"column":5}}],"line":113},"5":{"loc":{"start":{"line":135,"column":2},"end":{"line":137,"column":3}},"type":"if","locations":[{"start":{"line":135,"column":2},"end":{"line":137,"column":3}},{"start":{},"end":{}}],"line":135},"6":{"loc":{"start":{"line":163,"column":4},"end":{"line":165,"column":5}},"type":"if","locations":[{"start":{"line":163,"column":4},"end":{"line":165,"column":5}},{"start":{},"end":{}}],"line":163},"7":{"loc":{"start":{"line":168,"column":4},"end":{"line":170,"column":5}},"type":"if","locations":[{"start":{"line":168,"column":4},"end":{"line":170,"column":5}},{"start":{},"end":{}}],"line":168},"8":{"loc":{"start":{"line":168,"column":8},"end":{"line":168,"column":32}},"type":"binary-expr","locations":[{"start":{"line":168,"column":8},"end":{"line":168,"column":19}},{"start":{"line":168,"column":23},"end":{"line":168,"column":32}}],"line":168},"9":{"loc":{"start":{"line":172,"column":4},"end":{"line":174,"column":5}},"type":"if","locations":[{"start":{"line":172,"column":4},"end":{"line":174,"column":5}},{"start":{},"end":{}}],"line":172},"10":{"loc":{"start":{"line":176,"column":4},"end":{"line":181,"column":5}},"type":"if","locations":[{"start":{"line":176,"column":4},"end":{"line":181,"column":5}},{"start":{},"end":{}}],"line":176}},"s":{"0":1,"1":1,"2":1,"3":1,"4":1,"5":1,"6":1,"7":1,"8":1,"9":1,"10":1,"11":2,"12":2,"13":0,"14":2,"15":1,"16":1,"17":1,"18":1,"19":1,"20":1,"21":1,"22":0,"23":1,"24":0,"25":0,"26":0,"27":0,"28":1,"29":0,"30":0,"31":0,"32":0,"33":0,"34":0,"35":1,"36":0,"37":0,"38":0,"39":0,"40":0,"41":0,"42":0,"43":0,"44":0,"45":0,"46":1,"47":0,"48":0,"49":0,"50":0,"51":0,"52":0,"53":0,"54":0,"55":0,"56":0,"57":0,"58":0,"59":0,"60":0,"61":1,"62":0,"63":0,"64":0,"65":0,"66":0,"67":0,"68":0,"69":0,"70":0,"71":1,"72":0,"73":0,"74":0,"75":0,"76":0,"77":0,"78":0,"79":0,"80":0,"81":0,"82":0,"83":0,"84":0,"85":0,"86":0,"87":0,"88":0,"89":1},"f":{"0":1,"1":2,"2":1,"3":0,"4":0,"5":0,"6":0,"7":0,"8":0,"9":0},"b":{"0":[0,0],"1":[0,0],"2":[0,0],"3":[0,0],"4":[0,0],"5":[0,0],"6":[0,0],"7":[0,0],"8":[0,0],"9":[0,0],"10":[0,0]},"_coverageSchema":"1a1c01bbd47fc00a2c39e90264f33305004495a9","hash":"6704a2e4433bec8cdcbd873ea2a65d4e2c5bba45"}
,"/Users/baldez/React_Web_Project/backend/middleware/customMiddleware.js": {"path":"/Users/baldez/React_Web_Project/backend/middleware/customMiddleware.js","statementMap":{"0":{"start":{"line":1,"column":22},"end":{"line":7,"column":3}},"1":{"start":{"line":2,"column":4},"end":{"line":2,"column":42}},"2":{"start":{"line":3,"column":4},"end":{"line":3,"column":40}},"3":{"start":{"line":4,"column":4},"end":{"line":4,"column":40}},"4":{"start":{"line":5,"column":4},"end":{"line":5,"column":22}},"5":{"start":{"line":6,"column":4},"end":{"line":6,"column":10}},"6":{"start":{"line":9,"column":26},"end":{"line":11,"column":3}},"7":{"start":{"line":10,"column":4},"end":{"line":10,"column":60}},"8":{"start":{"line":13,"column":23},"end":{"line":20,"column":3}},"9":{"start":{"line":14,"column":4},"end":{"line":14,"column":32}},"10":{"start":{"line":16,"column":4},"end":{"line":16,"column":25}},"11":{"start":{"line":17,"column":4},"end":{"line":19,"column":6}},"12":{"start":{"line":22,"column":2},"end":{"line":26,"column":3}}},"fnMap":{"0":{"name":"(anonymous_0)","decl":{"start":{"line":1,"column":22},"end":{"line":1,"column":23}},"loc":{"start":{"line":1,"column":51},"end":{"line":7,"column":3}},"line":1},"1":{"name":"(anonymous_1)","decl":{"start":{"line":9,"column":26},"end":{"line":9,"column":27}},"loc":{"start":{"line":9,"column":49},"end":{"line":11,"column":3}},"line":9},"2":{"name":"(anonymous_2)","decl":{"start":{"line":13,"column":23},"end":{"line":13,"column":24}},"loc":{"start":{"line":13,"column":59},"end":{"line":20,"column":3}},"line":13}},"branchMap":{},"s":{"0":1,"1":4,"2":4,"3":4,"4":4,"5":4,"6":1,"7":0,"8":1,"9":0,"10":0,"11":0,"12":1},"f":{"0":4,"1":0,"2":0},"b":{},"_coverageSchema":"1a1c01bbd47fc00a2c39e90264f33305004495a9","hash":"2e1f67d4784ae8e10d0e8a12999faf255e2f5caf"}
,"/Users/baldez/React_Web_Project/backend/middleware/jwtMiddleware.js": {"path":"/Users/baldez/React_Web_Project/backend/middleware/jwtMiddleware.js","statementMap":{"0":{"start":{"line":1,"column":0},"end":{"line":1,"column":27}},"1":{"start":{"line":2,"column":21},"end":{"line":2,"column":59}},"2":{"start":{"line":3,"column":12},"end":{"line":3,"column":35}},"3":{"start":{"line":4,"column":13},"end":{"line":4,"column":43}},"4":{"start":{"line":6,"column":20},"end":{"line":10,"column":1}},"5":{"start":{"line":7,"column":2},"end":{"line":9,"column":5}},"6":{"start":{"line":12,"column":26},"end":{"line":31,"column":1}},"7":{"start":{"line":13,"column":28},"end":{"line":13,"column":39}},"8":{"start":{"line":15,"column":2},"end":{"line":17,"column":3}},"9":{"start":{"line":16,"column":4},"end":{"line":16,"column":75}},"10":{"start":{"line":19,"column":16},"end":{"line":19,"column":43}},"11":{"start":{"line":21,"column":2},"end":{"line":30,"column":3}},"12":{"start":{"line":22,"column":20},"end":{"line":22,"column":70}},"13":{"start":{"line":25,"column":4},"end":{"line":25,"column":43}},"14":{"start":{"line":27,"column":4},"end":{"line":27,"column":11}},"15":{"start":{"line":29,"column":4},"end":{"line":29,"column":65}},"16":{"start":{"line":33,"column":21},"end":{"line":63,"column":1}},"17":{"start":{"line":34,"column":28},"end":{"line":34,"column":39}},"18":{"start":{"line":36,"column":2},"end":{"line":38,"column":3}},"19":{"start":{"line":37,"column":4},"end":{"line":37,"column":75}},"20":{"start":{"line":40,"column":23},"end":{"line":40,"column":50}},"21":{"start":{"line":42,"column":2},"end":{"line":62,"column":3}},"22":{"start":{"line":43,"column":23},"end":{"line":43,"column":74}},"23":{"start":{"line":44,"column":4},"end":{"line":46,"column":5}},"24":{"start":{"line":45,"column":6},"end":{"line":45,"column":66}},"25":{"start":{"line":48,"column":4},"end":{"line":59,"column":6}},"26":{"start":{"line":52,"column":8},"end":{"line":52,"column":77}},"27":{"start":{"line":52,"column":17},"end":{"line":52,"column":77}},"28":{"start":{"line":54,"column":28},"end":{"line":54,"column":49}},"29":{"start":{"line":55,"column":26},"end":{"line":55,"column":63}},"30":{"start":{"line":57,"column":8},"end":{"line":57,"column":77}},"31":{"start":{"line":61,"column":4},"end":{"line":61,"column":60}},"32":{"start":{"line":65,"column":0},"end":{"line":65,"column":53}}},"fnMap":{"0":{"name":"(anonymous_0)","decl":{"start":{"line":6,"column":20},"end":{"line":6,"column":21}},"loc":{"start":{"line":6,"column":29},"end":{"line":10,"column":1}},"line":6},"1":{"name":"(anonymous_1)","decl":{"start":{"line":12,"column":26},"end":{"line":12,"column":27}},"loc":{"start":{"line":12,"column":52},"end":{"line":31,"column":1}},"line":12},"2":{"name":"(anonymous_2)","decl":{"start":{"line":33,"column":21},"end":{"line":33,"column":22}},"loc":{"start":{"line":33,"column":41},"end":{"line":63,"column":1}},"line":33},"3":{"name":"(anonymous_3)","decl":{"start":{"line":51,"column":6},"end":{"line":51,"column":7}},"loc":{"start":{"line":51,"column":27},"end":{"line":58,"column":7}},"line":51}},"branchMap":{"0":{"loc":{"start":{"line":15,"column":2},"end":{"line":17,"column":3}},"type":"if","locations":[{"start":{"line":15,"column":2},"end":{"line":17,"column":3}},{"start":{},"end":{}}],"line":15},"1":{"loc":{"start":{"line":36,"column":2},"end":{"line":38,"column":3}},"type":"if","locations":[{"start":{"line":36,"column":2},"end":{"line":38,"column":3}},{"start":{},"end":{}}],"line":36},"2":{"loc":{"start":{"line":44,"column":4},"end":{"line":46,"column":5}},"type":"if","locations":[{"start":{"line":44,"column":4},"end":{"line":46,"column":5}},{"start":{},"end":{}}],"line":44},"3":{"loc":{"start":{"line":52,"column":8},"end":{"line":52,"column":77}},"type":"if","locations":[{"start":{"line":52,"column":8},"end":{"line":52,"column":77}},{"start":{},"end":{}}],"line":52}},"s":{"0":1,"1":1,"2":1,"3":1,"4":1,"5":1,"6":1,"7":0,"8":0,"9":0,"10":0,"11":0,"12":0,"13":0,"14":0,"15":0,"16":1,"17":1,"18":1,"19":0,"20":1,"21":1,"22":1,"23":1,"24":0,"25":1,"26":1,"27":0,"28":1,"29":1,"30":1,"31":0,"32":1},"f":{"0":1,"1":0,"2":1,"3":1},"b":{"0":[0,0],"1":[0,1],"2":[0,1],"3":[0,1]},"_coverageSchema":"1a1c01bbd47fc00a2c39e90264f33305004495a9","hash":"3e1fa2cb46920e6f81323cfbaafa664fa6e8df44"}
,"/Users/baldez/React_Web_Project/backend/models/orderModel.js": {"path":"/Users/baldez/React_Web_Project/backend/models/orderModel.js","statementMap":{"0":{"start":{"line":34,"column":17},"end":{"line":34,"column":36}},"1":{"start":{"line":36,"column":20},"end":{"line":59,"column":2}},"2":{"start":{"line":61,"column":0},"end":{"line":63,"column":2}},"3":{"start":{"line":62,"column":2},"end":{"line":62,"column":45}},"4":{"start":{"line":65,"column":0},"end":{"line":67,"column":2}},"5":{"start":{"line":66,"column":2},"end":{"line":66,"column":47}},"6":{"start":{"line":69,"column":0},"end":{"line":71,"column":2}},"7":{"start":{"line":70,"column":2},"end":{"line":70,"column":67}},"8":{"start":{"line":73,"column":0},"end":{"line":79,"column":2}},"9":{"start":{"line":74,"column":2},"end":{"line":78,"column":4}},"10":{"start":{"line":81,"column":0},"end":{"line":81,"column":54}}},"fnMap":{"0":{"name":"(anonymous_0)","decl":{"start":{"line":61,"column":41},"end":{"line":61,"column":42}},"loc":{"start":{"line":61,"column":65},"end":{"line":63,"column":1}},"line":61},"1":{"name":"(anonymous_1)","decl":{"start":{"line":65,"column":38},"end":{"line":65,"column":39}},"loc":{"start":{"line":65,"column":63},"end":{"line":67,"column":1}},"line":65},"2":{"name":"(anonymous_2)","decl":{"start":{"line":69,"column":32},"end":{"line":69,"column":33}},"loc":{"start":{"line":69,"column":66},"end":{"line":71,"column":1}},"line":69},"3":{"name":"(anonymous_3)","decl":{"start":{"line":73,"column":38},"end":{"line":73,"column":39}},"loc":{"start":{"line":73,"column":74},"end":{"line":79,"column":1}},"line":73}},"branchMap":{},"s":{"0":1,"1":1,"2":1,"3":0,"4":1,"5":0,"6":1,"7":0,"8":1,"9":0,"10":1},"f":{"0":0,"1":0,"2":0,"3":0},"b":{},"_coverageSchema":"1a1c01bbd47fc00a2c39e90264f33305004495a9","hash":"8133e5ab2cdf5a6a1015f0e89778a85f50799f99"}
,"/Users/baldez/React_Web_Project/backend/models/productModel.js": {"path":"/Users/baldez/React_Web_Project/backend/models/productModel.js","statementMap":{"0":{"start":{"line":53,"column":17},"end":{"line":53,"column":36}},"1":{"start":{"line":55,"column":22},"end":{"line":90,"column":4}},"2":{"start":{"line":92,"column":0},"end":{"line":92,"column":58}}},"fnMap":{},"branchMap":{},"s":{"0":1,"1":1,"2":1},"f":{},"b":{},"_coverageSchema":"1a1c01bbd47fc00a2c39e90264f33305004495a9","hash":"c5847bc48aaa292049f2be0f290cfde30c40235a"}
,"/Users/baldez/React_Web_Project/backend/models/recoverUrlModel.js": {"path":"/Users/baldez/React_Web_Project/backend/models/recoverUrlModel.js","statementMap":{"0":{"start":{"line":26,"column":17},"end":{"line":26,"column":36}},"1":{"start":{"line":27,"column":15},"end":{"line":27,"column":32}},"2":{"start":{"line":29,"column":25},"end":{"line":46,"column":2}},"3":{"start":{"line":38,"column":6},"end":{"line":38,"column":52}},"4":{"start":{"line":48,"column":0},"end":{"line":56,"column":2}},"5":{"start":{"line":49,"column":2},"end":{"line":55,"column":3}},"6":{"start":{"line":50,"column":4},"end":{"line":50,"column":31}},"7":{"start":{"line":51,"column":16},"end":{"line":51,"column":44}},"8":{"start":{"line":52,"column":4},"end":{"line":52,"column":19}},"9":{"start":{"line":54,"column":4},"end":{"line":54,"column":40}},"10":{"start":{"line":58,"column":0},"end":{"line":64,"column":2}},"11":{"start":{"line":59,"column":2},"end":{"line":63,"column":3}},"12":{"start":{"line":60,"column":4},"end":{"line":60,"column":39}},"13":{"start":{"line":62,"column":4},"end":{"line":62,"column":39}},"14":{"start":{"line":66,"column":0},"end":{"line":72,"column":2}},"15":{"start":{"line":67,"column":2},"end":{"line":71,"column":3}},"16":{"start":{"line":68,"column":4},"end":{"line":68,"column":41}},"17":{"start":{"line":70,"column":4},"end":{"line":70,"column":40}},"18":{"start":{"line":74,"column":0},"end":{"line":74,"column":64}}},"fnMap":{"0":{"name":"(anonymous_0)","decl":{"start":{"line":37,"column":13},"end":{"line":37,"column":14}},"loc":{"start":{"line":37,"column":25},"end":{"line":39,"column":5}},"line":37},"1":{"name":"(anonymous_1)","decl":{"start":{"line":48,"column":37},"end":{"line":48,"column":38}},"loc":{"start":{"line":48,"column":60},"end":{"line":56,"column":1}},"line":48},"2":{"name":"(anonymous_2)","decl":{"start":{"line":58,"column":35},"end":{"line":58,"column":36}},"loc":{"start":{"line":58,"column":56},"end":{"line":64,"column":1}},"line":58},"3":{"name":"(anonymous_3)","decl":{"start":{"line":66,"column":37},"end":{"line":66,"column":38}},"loc":{"start":{"line":66,"column":58},"end":{"line":72,"column":1}},"line":66}},"branchMap":{},"s":{"0":1,"1":1,"2":1,"3":0,"4":1,"5":0,"6":0,"7":0,"8":0,"9":0,"10":1,"11":0,"12":0,"13":0,"14":1,"15":0,"16":0,"17":0,"18":1},"f":{"0":0,"1":0,"2":0,"3":0},"b":{},"_coverageSchema":"1a1c01bbd47fc00a2c39e90264f33305004495a9","hash":"10b571895e8636166cd52f946a80b4eb5067a21b"}
,"/Users/baldez/React_Web_Project/backend/models/refreshTokenModel.js": {"path":"/Users/baldez/React_Web_Project/backend/models/refreshTokenModel.js","statementMap":{"0":{"start":{"line":31,"column":17},"end":{"line":31,"column":36}},"1":{"start":{"line":32,"column":12},"end":{"line":32,"column":35}},"2":{"start":{"line":33,"column":15},"end":{"line":33,"column":30}},"3":{"start":{"line":35,"column":27},"end":{"line":49,"column":1}},"4":{"start":{"line":51,"column":0},"end":{"line":59,"column":2}},"5":{"start":{"line":52,"column":2},"end":{"line":58,"column":3}},"6":{"start":{"line":53,"column":18},"end":{"line":53,"column":69}},"7":{"start":{"line":54,"column":25},"end":{"line":54,"column":64}},"8":{"start":{"line":55,"column":4},"end":{"line":55,"column":30}},"9":{"start":{"line":57,"column":4},"end":{"line":57,"column":54}},"10":{"start":{"line":61,"column":0},"end":{"line":61,"column":68}}},"fnMap":{"0":{"name":"(anonymous_0)","decl":{"start":{"line":51,"column":41},"end":{"line":51,"column":42}},"loc":{"start":{"line":51,"column":62},"end":{"line":59,"column":1}},"line":51}},"branchMap":{},"s":{"0":1,"1":1,"2":1,"3":1,"4":1,"5":1,"6":1,"7":1,"8":1,"9":0,"10":1},"f":{"0":1},"b":{},"_coverageSchema":"1a1c01bbd47fc00a2c39e90264f33305004495a9","hash":"fe98eaf929821fa4cfe4c559a104386e4d143d76"}
,"/Users/baldez/React_Web_Project/backend/models/userModel.js": {"path":"/Users/baldez/React_Web_Project/backend/models/userModel.js","statementMap":{"0":{"start":{"line":96,"column":17},"end":{"line":96,"column":36}},"1":{"start":{"line":97,"column":15},"end":{"line":97,"column":32}},"2":{"start":{"line":98,"column":15},"end":{"line":98,"column":30}},"3":{"start":{"line":100,"column":19},"end":{"line":169,"column":1}},"4":{"start":{"line":171,"column":0},"end":{"line":189,"column":2}},"5":{"start":{"line":172,"column":23},"end":{"line":172,"column":38}},"6":{"start":{"line":173,"column":20},"end":{"line":173,"column":35}},"7":{"start":{"line":175,"column":16},"end":{"line":175,"column":52}},"8":{"start":{"line":177,"column":2},"end":{"line":179,"column":3}},"9":{"start":{"line":178,"column":4},"end":{"line":178,"column":42}},"10":{"start":{"line":181,"column":25},"end":{"line":181,"column":56}},"11":{"start":{"line":183,"column":15},"end":{"line":186,"column":4}},"12":{"start":{"line":188,"column":2},"end":{"line":188,"column":14}},"13":{"start":{"line":191,"column":0},"end":{"line":210,"column":2}},"14":{"start":{"line":192,"column":2},"end":{"line":192,"column":63}},"15":{"start":{"line":192,"column":19},"end":{"line":192,"column":63}},"16":{"start":{"line":194,"column":2},"end":{"line":196,"column":3}},"17":{"start":{"line":195,"column":4},"end":{"line":195,"column":55}},"18":{"start":{"line":198,"column":15},"end":{"line":198,"column":51}},"19":{"start":{"line":200,"column":2},"end":{"line":202,"column":3}},"20":{"start":{"line":201,"column":4},"end":{"line":201,"column":52}},"21":{"start":{"line":204,"column":16},"end":{"line":204,"column":61}},"22":{"start":{"line":205,"column":2},"end":{"line":207,"column":3}},"23":{"start":{"line":206,"column":4},"end":{"line":206,"column":40}},"24":{"start":{"line":209,"column":2},"end":{"line":209,"column":14}},"25":{"start":{"line":212,"column":0},"end":{"line":244,"column":2}},"26":{"start":{"line":213,"column":57},"end":{"line":213,"column":72}},"27":{"start":{"line":214,"column":56},"end":{"line":214,"column":79}},"28":{"start":{"line":217,"column":2},"end":{"line":219,"column":3}},"29":{"start":{"line":218,"column":4},"end":{"line":218,"column":53}},"30":{"start":{"line":221,"column":21},"end":{"line":231,"column":3}},"31":{"start":{"line":233,"column":2},"end":{"line":243,"column":3}},"32":{"start":{"line":234,"column":15},"end":{"line":238,"column":5}},"33":{"start":{"line":240,"column":4},"end":{"line":240,"column":16}},"34":{"start":{"line":242,"column":4},"end":{"line":242,"column":31}},"35":{"start":{"line":246,"column":0},"end":{"line":246,"column":52}}},"fnMap":{"0":{"name":"(anonymous_0)","decl":{"start":{"line":171,"column":30},"end":{"line":171,"column":31}},"loc":{"start":{"line":171,"column":63},"end":{"line":189,"column":1}},"line":171},"1":{"name":"(anonymous_1)","decl":{"start":{"line":191,"column":27},"end":{"line":191,"column":28}},"loc":{"start":{"line":191,"column":73},"end":{"line":210,"column":1}},"line":191},"2":{"name":"(anonymous_2)","decl":{"start":{"line":212,"column":32},"end":{"line":212,"column":33}},"loc":{"start":{"line":212,"column":65},"end":{"line":244,"column":1}},"line":212}},"branchMap":{"0":{"loc":{"start":{"line":177,"column":2},"end":{"line":179,"column":3}},"type":"if","locations":[{"start":{"line":177,"column":2},"end":{"line":179,"column":3}},{"start":{},"end":{}}],"line":177},"1":{"loc":{"start":{"line":192,"column":2},"end":{"line":192,"column":63}},"type":"if","locations":[{"start":{"line":192,"column":2},"end":{"line":192,"column":63}},{"start":{},"end":{}}],"line":192},"2":{"loc":{"start":{"line":194,"column":2},"end":{"line":196,"column":3}},"type":"if","locations":[{"start":{"line":194,"column":2},"end":{"line":196,"column":3}},{"start":{},"end":{}}],"line":194},"3":{"loc":{"start":{"line":194,"column":6},"end":{"line":194,"column":25}},"type":"binary-expr","locations":[{"start":{"line":194,"column":6},"end":{"line":194,"column":12}},{"start":{"line":194,"column":16},"end":{"line":194,"column":25}}],"line":194},"4":{"loc":{"start":{"line":200,"column":2},"end":{"line":202,"column":3}},"type":"if","locations":[{"start":{"line":200,"column":2},"end":{"line":202,"column":3}},{"start":{},"end":{}}],"line":200},"5":{"loc":{"start":{"line":205,"column":2},"end":{"line":207,"column":3}},"type":"if","locations":[{"start":{"line":205,"column":2},"end":{"line":207,"column":3}},{"start":{},"end":{}}],"line":205},"6":{"loc":{"start":{"line":217,"column":2},"end":{"line":219,"column":3}},"type":"if","locations":[{"start":{"line":217,"column":2},"end":{"line":219,"column":3}},{"start":{},"end":{}}],"line":217},"7":{"loc":{"start":{"line":222,"column":8},"end":{"line":222,"column":48}},"type":"binary-expr","locations":[{"start":{"line":222,"column":8},"end":{"line":222,"column":16}},{"start":{"line":222,"column":20},"end":{"line":222,"column":48}}],"line":222},"8":{"loc":{"start":{"line":223,"column":8},"end":{"line":223,"column":34}},"type":"binary-expr","locations":[{"start":{"line":223,"column":8},"end":{"line":223,"column":17}},{"start":{"line":223,"column":21},"end":{"line":223,"column":34}}],"line":223},"9":{"loc":{"start":{"line":224,"column":8},"end":{"line":224,"column":32}},"type":"binary-expr","locations":[{"start":{"line":224,"column":8},"end":{"line":224,"column":16}},{"start":{"line":224,"column":20},"end":{"line":224,"column":32}}],"line":224},"10":{"loc":{"start":{"line":225,"column":8},"end":{"line":225,"column":38}},"type":"binary-expr","locations":[{"start":{"line":225,"column":8},"end":{"line":225,"column":19}},{"start":{"line":225,"column":23},"end":{"line":225,"column":38}}],"line":225},"11":{"loc":{"start":{"line":226,"column":8},"end":{"line":226,"column":46}},"type":"binary-expr","locations":[{"start":{"line":226,"column":8},"end":{"line":226,"column":14}},{"start":{"line":226,"column":18},"end":{"line":226,"column":46}}],"line":226},"12":{"loc":{"start":{"line":227,"column":8},"end":{"line":227,"column":46}},"type":"binary-expr","locations":[{"start":{"line":227,"column":8},"end":{"line":227,"column":14}},{"start":{"line":227,"column":18},"end":{"line":227,"column":46}}],"line":227},"13":{"loc":{"start":{"line":228,"column":8},"end":{"line":228,"column":58}},"type":"binary-expr","locations":[{"start":{"line":228,"column":8},"end":{"line":228,"column":18}},{"start":{"line":228,"column":22},"end":{"line":228,"column":58}}],"line":228},"14":{"loc":{"start":{"line":229,"column":8},"end":{"line":229,"column":40}},"type":"binary-expr","locations":[{"start":{"line":229,"column":8},"end":{"line":229,"column":12}},{"start":{"line":229,"column":16},"end":{"line":229,"column":40}}],"line":229},"15":{"loc":{"start":{"line":230,"column":8},"end":{"line":230,"column":49}},"type":"binary-expr","locations":[{"start":{"line":230,"column":8},"end":{"line":230,"column":15}},{"start":{"line":230,"column":19},"end":{"line":230,"column":49}}],"line":230}},"s":{"0":1,"1":1,"2":1,"3":1,"4":1,"5":2,"6":2,"7":2,"8":2,"9":2,"10":0,"11":0,"12":0,"13":1,"14":1,"15":0,"16":1,"17":0,"18":1,"19":1,"20":0,"21":1,"22":1,"23":0,"24":1,"25":1,"26":0,"27":0,"28":0,"29":0,"30":0,"31":0,"32":0,"33":0,"34":0,"35":1},"f":{"0":2,"1":1,"2":0},"b":{"0":[2,0],"1":[0,1],"2":[0,1],"3":[1,1],"4":[0,1],"5":[0,1],"6":[0,0],"7":[0,0],"8":[0,0],"9":[0,0],"10":[0,0],"11":[0,0],"12":[0,0],"13":[0,0],"14":[0,0],"15":[0,0]},"_coverageSchema":"1a1c01bbd47fc00a2c39e90264f33305004495a9","hash":"48fa357d9184958406d8875ecc33056e4000296a"}
,"/Users/baldez/React_Web_Project/backend/routes/orders.js": {"path":"/Users/baldez/React_Web_Project/backend/routes/orders.js","statementMap":{"0":{"start":{"line":1,"column":16},"end":{"line":1,"column":34}},"1":{"start":{"line":2,"column":15},"end":{"line":2,"column":31}},"2":{"start":{"line":9,"column":4},"end":{"line":9,"column":45}},"3":{"start":{"line":39,"column":0},"end":{"line":39,"column":28}},"4":{"start":{"line":72,"column":0},"end":{"line":72,"column":43}},"5":{"start":{"line":102,"column":0},"end":{"line":102,"column":44}},"6":{"start":{"line":142,"column":0},"end":{"line":142,"column":41}},"7":{"start":{"line":144,"column":0},"end":{"line":144,"column":24}}},"fnMap":{},"branchMap":{},"s":{"0":1,"1":1,"2":1,"3":1,"4":1,"5":1,"6":1,"7":1},"f":{},"b":{},"_coverageSchema":"1a1c01bbd47fc00a2c39e90264f33305004495a9","hash":"11bf8ba1d4e1823bfe63093ee80df1c84252798f"}
,"/Users/baldez/React_Web_Project/backend/routes/products.js": {"path":"/Users/baldez/React_Web_Project/backend/routes/products.js","statementMap":{"0":{"start":{"line":1,"column":16},"end":{"line":1,"column":34}},"1":{"start":{"line":2,"column":15},"end":{"line":2,"column":31}},"2":{"start":{"line":15,"column":4},"end":{"line":15,"column":47}},"3":{"start":{"line":39,"column":0},"end":{"line":39,"column":32}},"4":{"start":{"line":67,"column":0},"end":{"line":67,"column":35}},"5":{"start":{"line":97,"column":0},"end":{"line":97,"column":51}},"6":{"start":{"line":133,"column":0},"end":{"line":133,"column":60}},"7":{"start":{"line":163,"column":0},"end":{"line":163,"column":50}},"8":{"start":{"line":197,"column":0},"end":{"line":197,"column":32}},"9":{"start":{"line":236,"column":0},"end":{"line":236,"column":36}},"10":{"start":{"line":269,"column":0},"end":{"line":269,"column":37}},"11":{"start":{"line":304,"column":0},"end":{"line":304,"column":47}},"12":{"start":{"line":345,"column":0},"end":{"line":345,"column":56}},"13":{"start":{"line":347,"column":0},"end":{"line":347,"column":24}}},"fnMap":{},"branchMap":{},"s":{"0":1,"1":1,"2":1,"3":1,"4":1,"5":1,"6":1,"7":1,"8":1,"9":1,"10":1,"11":1,"12":1,"13":1},"f":{},"b":{},"_coverageSchema":"1a1c01bbd47fc00a2c39e90264f33305004495a9","hash":"bfe0b21934bcaaf341a6ae39393cd0266a95836e"}
,"/Users/baldez/React_Web_Project/backend/routes/user.js": {"path":"/Users/baldez/React_Web_Project/backend/routes/user.js","statementMap":{"0":{"start":{"line":1,"column":16},"end":{"line":1,"column":34}},"1":{"start":{"line":5,"column":4},"end":{"line":5,"column":42}},"2":{"start":{"line":15,"column":4},"end":{"line":15,"column":44}},"3":{"start":{"line":17,"column":15},"end":{"line":17,"column":31}},"4":{"start":{"line":61,"column":0},"end":{"line":61,"column":39}},"5":{"start":{"line":99,"column":0},"end":{"line":99,"column":33}},"6":{"start":{"line":129,"column":0},"end":{"line":129,"column":53}},"7":{"start":{"line":155,"column":0},"end":{"line":155,"column":62}},"8":{"start":{"line":186,"column":0},"end":{"line":186,"column":36}},"9":{"start":{"line":217,"column":0},"end":{"line":217,"column":61}},"10":{"start":{"line":245,"column":0},"end":{"line":245,"column":44}},"11":{"start":{"line":271,"column":0},"end":{"line":271,"column":54}},"12":{"start":{"line":307,"column":0},"end":{"line":307,"column":54}},"13":{"start":{"line":338,"column":0},"end":{"line":338,"column":68}},"14":{"start":{"line":340,"column":0},"end":{"line":340,"column":24}}},"fnMap":{},"branchMap":{},"s":{"0":1,"1":1,"2":1,"3":1,"4":1,"5":1,"6":1,"7":1,"8":1,"9":1,"10":1,"11":1,"12":1,"13":1,"14":1},"f":{},"b":{},"_coverageSchema":"1a1c01bbd47fc00a2c39e90264f33305004495a9","hash":"7740f221f9ff8e475e50779e5cd52e576c666eaa"}
,"/Users/baldez/React_Web_Project/backend/utils/mailer.js": {"path":"/Users/baldez/React_Web_Project/backend/utils/mailer.js","statementMap":{"0":{"start":{"line":1,"column":19},"end":{"line":1,"column":40}},"1":{"start":{"line":3,"column":18},"end":{"line":24,"column":1}},"2":{"start":{"line":4,"column":22},"end":{"line":14,"column":4}},"3":{"start":{"line":17,"column":12},"end":{"line":22,"column":4}},"4":{"start":{"line":23,"column":2},"end":{"line":23,"column":11}},"5":{"start":{"line":26,"column":0},"end":{"line":26,"column":27}}},"fnMap":{"0":{"name":"(anonymous_0)","decl":{"start":{"line":3,"column":18},"end":{"line":3,"column":19}},"loc":{"start":{"line":3,"column":47},"end":{"line":24,"column":1}},"line":3}},"branchMap":{},"s":{"0":1,"1":1,"2":0,"3":0,"4":0,"5":1},"f":{"0":0},"b":{},"_coverageSchema":"1a1c01bbd47fc00a2c39e90264f33305004495a9","hash":"f671719e49f31b263c66b8e8ae57b81c2e2c4998"}
,"/Users/baldez/React_Web_Project/backend/utils/swaggerOptions.js": {"path":"/Users/baldez/React_Web_Project/backend/utils/swaggerOptions.js","statementMap":{"0":{"start":{"line":1,"column":23},"end":{"line":19,"column":1}},"1":{"start":{"line":21,"column":0},"end":{"line":21,"column":32}}},"fnMap":{},"branchMap":{},"s":{"0":1,"1":1},"f":{},"b":{},"_coverageSchema":"1a1c01bbd47fc00a2c39e90264f33305004495a9","hash":"dbf8ba84874fa7340aa65cc2dabda9c65e2c6ad8"}
}
