TN:
SF:server.js
FN:38,(anonymous_0)
FNF:1
FNH:1
FNDA:1,(anonymous_0)
DA:1,1
DA:2,1
DA:3,1
DA:4,1
DA:5,1
DA:6,1
DA:7,1
DA:8,1
DA:9,1
DA:10,1
DA:11,1
DA:12,1
DA:15,1
DA:16,1
DA:17,1
DA:18,1
DA:21,1
DA:22,1
DA:23,1
DA:26,1
DA:28,1
DA:30,1
DA:32,1
DA:34,1
DA:36,1
DA:38,1
DA:39,1
DA:42,1
DA:43,1
DA:44,1
DA:46,1
LF:31
LH:31
BRDA:16,0,0,1
BRDA:16,0,1,0
BRF:2
BRH:1
end_of_record
TN:
SF:config/config.js
FNF:0
FNH:0
DA:2,1
DA:3,1
DA:4,1
DA:7,1
DA:11,1
LF:5
LH:5
BRDA:3,0,0,1
BRDA:3,0,1,0
BRDA:7,1,0,1
BRDA:7,1,1,0
BRF:4
BRH:2
end_of_record
TN:
SF:config/db.js
FN:6,(anonymous_0)
FNF:1
FNH:1
FNDA:1,(anonymous_0)
DA:1,1
DA:2,1
DA:4,1
DA:6,1
DA:7,1
DA:8,1
DA:11,1
LF:7
LH:7
BRF:0
BRH:0
end_of_record
TN:
SF:controllers/orderController.js
FN:3,(anonymous_0)
FN:15,(anonymous_1)
FN:27,(anonymous_2)
FN:42,(anonymous_3)
FNF:4
FNH:0
FNDA:0,(anonymous_0)
FNDA:0,(anonymous_1)
FNDA:0,(anonymous_2)
FNDA:0,(anonymous_3)
DA:1,1
DA:3,1
DA:4,0
DA:5,0
DA:7,0
DA:9,0
DA:11,0
DA:15,1
DA:16,0
DA:17,0
DA:19,0
DA:21,0
DA:23,0
DA:27,1
DA:28,0
DA:29,0
DA:31,0
DA:33,0
DA:34,0
DA:36,0
DA:38,0
DA:42,1
DA:43,0
DA:44,0
DA:45,0
DA:47,0
DA:49,0
DA:50,0
DA:52,0
DA:54,0
DA:58,1
LF:31
LH:6
BRDA:33,0,0,0
BRDA:33,0,1,0
BRDA:49,1,0,0
BRDA:49,1,1,0
BRF:4
BRH:0
end_of_record
TN:
SF:controllers/productController.js
FN:5,(anonymous_0)
FN:12,(anonymous_1)
FN:29,(anonymous_2)
FN:48,(anonymous_3)
FN:65,(anonymous_4)
FN:104,(anonymous_5)
FN:129,(anonymous_6)
FN:152,(anonymous_7)
FN:170,(anonymous_8)
FN:191,(anonymous_9)
FNF:10
FNH:0
FNDA:0,(anonymous_0)
FNDA:0,(anonymous_1)
FNDA:0,(anonymous_2)
FNDA:0,(anonymous_3)
FNDA:0,(anonymous_4)
FNDA:0,(anonymous_5)
FNDA:0,(anonymous_6)
FNDA:0,(anonymous_7)
FNDA:0,(anonymous_8)
FNDA:0,(anonymous_9)
DA:1,1
DA:2,1
DA:5,1
DA:6,0
DA:8,0
DA:12,1
DA:13,0
DA:14,0
DA:15,0
DA:17,0
DA:18,0
DA:21,0
DA:23,0
DA:29,1
DA:30,0
DA:31,0
DA:32,0
DA:37,0
DA:38,0
DA:41,0
DA:43,0
DA:48,1
DA:49,0
DA:51,0
DA:52,0
DA:55,0
DA:57,0
DA:58,0
DA:61,0
DA:65,1
DA:66,0
DA:67,0
DA:69,0
DA:70,0
DA:81,0
DA:82,0
DA:94,0
DA:96,0
DA:100,0
DA:104,1
DA:105,0
DA:106,0
DA:107,0
DA:108,0
DA:111,0
DA:116,0
DA:117,0
DA:120,0
DA:124,0
DA:129,1
DA:130,0
DA:131,0
DA:133,0
DA:134,0
DA:137,0
DA:139,0
DA:140,0
DA:143,0
DA:147,0
DA:152,1
DA:153,0
DA:154,0
DA:155,0
DA:157,0
DA:158,0
DA:161,0
DA:165,0
DA:170,1
DA:171,0
DA:172,0
DA:173,0
DA:178,0
DA:179,0
DA:182,0
DA:187,0
DA:191,1
DA:192,0
DA:193,0
DA:194,0
DA:198,0
DA:199,0
DA:202,0
DA:204,0
DA:208,1
LF:84
LH:13
BRDA:17,0,0,0
BRDA:17,0,1,0
BRDA:37,1,0,0
BRDA:37,1,1,0
BRDA:51,2,0,0
BRDA:51,2,1,0
BRDA:57,3,0,0
BRDA:57,3,1,0
BRDA:107,4,0,0
BRDA:107,4,1,0
BRDA:116,5,0,0
BRDA:116,5,1,0
BRDA:133,6,0,0
BRDA:133,6,1,0
BRDA:139,7,0,0
BRDA:139,7,1,0
BRDA:157,8,0,0
BRDA:157,8,1,0
BRDA:178,9,0,0
BRDA:178,9,1,0
BRDA:198,10,0,0
BRDA:198,10,1,0
BRF:22
BRH:0
end_of_record
TN:
SF:controllers/userController.js
FN:10,(anonymous_0)
FN:16,(anonymous_1)
FN:26,(anonymous_2)
FN:45,(anonymous_3)
FN:55,(anonymous_4)
FN:71,(anonymous_5)
FN:96,(anonymous_6)
FN:110,(anonymous_7)
FN:132,(anonymous_8)
FN:156,(anonymous_9)
FNF:10
FNH:3
FNDA:1,(anonymous_0)
FNDA:2,(anonymous_1)
FNDA:1,(anonymous_2)
FNDA:0,(anonymous_3)
FNDA:0,(anonymous_4)
FNDA:0,(anonymous_5)
FNDA:0,(anonymous_6)
FNDA:0,(anonymous_7)
FNDA:0,(anonymous_8)
FNDA:0,(anonymous_9)
DA:1,1
DA:2,1
DA:3,1
DA:4,1
DA:5,1
DA:6,1
DA:7,1
DA:8,1
DA:10,1
DA:11,1
DA:16,1
DA:17,2
DA:18,2
DA:20,0
DA:22,2
DA:26,1
DA:27,1
DA:29,1
DA:30,1
DA:32,1
DA:33,1
DA:35,1
DA:41,0
DA:45,1
DA:46,0
DA:47,0
DA:49,0
DA:51,0
DA:55,1
DA:56,0
DA:57,0
DA:59,0
DA:60,0
DA:65,0
DA:67,0
DA:71,1
DA:72,0
DA:73,0
DA:75,0
DA:76,0
DA:79,0
DA:80,0
DA:82,0
DA:84,0
DA:90,0
DA:92,0
DA:96,1
DA:97,0
DA:98,0
DA:100,0
DA:101,0
DA:106,0
DA:107,0
DA:109,0
DA:110,0
DA:113,0
DA:114,0
DA:116,0
DA:119,0
DA:125,0
DA:127,0
DA:132,1
DA:133,0
DA:135,0
DA:136,0
DA:139,0
DA:140,0
DA:142,0
DA:144,0
DA:150,0
DA:152,0
DA:156,1
DA:157,0
DA:158,0
DA:160,0
DA:161,0
DA:163,0
DA:164,0
DA:168,0
DA:169,0
DA:172,0
DA:173,0
DA:176,0
DA:177,0
DA:183,0
DA:185,0
DA:191,0
DA:193,0
DA:195,0
DA:199,1
LF:90
LH:28
BRDA:59,0,0,0
BRDA:59,0,1,0
BRDA:75,1,0,0
BRDA:75,1,1,0
BRDA:82,2,0,0
BRDA:82,2,1,0
BRDA:100,3,0,0
BRDA:100,3,1,0
BRDA:113,4,0,0
BRDA:113,4,1,0
BRDA:135,5,0,0
BRDA:135,5,1,0
BRDA:163,6,0,0
BRDA:163,6,1,0
BRDA:168,7,0,0
BRDA:168,7,1,0
BRDA:168,8,0,0
BRDA:168,8,1,0
BRDA:172,9,0,0
BRDA:172,9,1,0
BRDA:176,10,0,0
BRDA:176,10,1,0
BRF:22
BRH:0
end_of_record
TN:
SF:middleware/customMiddleware.js
FN:1,(anonymous_0)
FN:9,(anonymous_1)
FN:13,(anonymous_2)
FNF:3
FNH:1
FNDA:4,(anonymous_0)
FNDA:0,(anonymous_1)
FNDA:0,(anonymous_2)
DA:1,1
DA:2,4
DA:3,4
DA:4,4
DA:5,4
DA:6,4
DA:9,1
DA:10,0
DA:13,1
DA:14,0
DA:16,0
DA:17,0
DA:22,1
LF:13
LH:9
BRF:0
BRH:0
end_of_record
TN:
SF:middleware/jwtMiddleware.js
FN:6,(anonymous_0)
FN:12,(anonymous_1)
FN:33,(anonymous_2)
FN:51,(anonymous_3)
FNF:4
FNH:3
FNDA:1,(anonymous_0)
FNDA:0,(anonymous_1)
FNDA:1,(anonymous_2)
FNDA:1,(anonymous_3)
DA:1,1
DA:2,1
DA:3,1
DA:4,1
DA:6,1
DA:7,1
DA:12,1
DA:13,0
DA:15,0
DA:16,0
DA:19,0
DA:21,0
DA:22,0
DA:25,0
DA:27,0
DA:29,0
DA:33,1
DA:34,1
DA:36,1
DA:37,0
DA:40,1
DA:42,1
DA:43,1
DA:44,1
DA:45,0
DA:48,1
DA:52,1
DA:54,1
DA:55,1
DA:57,1
DA:61,0
DA:65,1
LF:32
LH:20
BRDA:15,0,0,0
BRDA:15,0,1,0
BRDA:36,1,0,0
BRDA:36,1,1,1
BRDA:44,2,0,0
BRDA:44,2,1,1
BRDA:52,3,0,0
BRDA:52,3,1,1
BRF:8
BRH:3
end_of_record
TN:
SF:models/orderModel.js
FN:61,(anonymous_0)
FN:65,(anonymous_1)
FN:69,(anonymous_2)
FN:73,(anonymous_3)
FNF:4
FNH:0
FNDA:0,(anonymous_0)
FNDA:0,(anonymous_1)
FNDA:0,(anonymous_2)
FNDA:0,(anonymous_3)
DA:34,1
DA:36,1
DA:61,1
DA:62,0
DA:65,1
DA:66,0
DA:69,1
DA:70,0
DA:73,1
DA:74,0
DA:81,1
LF:11
LH:7
BRF:0
BRH:0
end_of_record
TN:
SF:models/productModel.js
FNF:0
FNH:0
DA:53,1
DA:55,1
DA:92,1
LF:3
LH:3
BRF:0
BRH:0
end_of_record
TN:
SF:models/recoverUrlModel.js
FN:37,(anonymous_0)
FN:48,(anonymous_1)
FN:58,(anonymous_2)
FN:66,(anonymous_3)
FNF:4
FNH:0
FNDA:0,(anonymous_0)
FNDA:0,(anonymous_1)
FNDA:0,(anonymous_2)
FNDA:0,(anonymous_3)
DA:26,1
DA:27,1
DA:29,1
DA:38,0
DA:48,1
DA:49,0
DA:50,0
DA:51,0
DA:52,0
DA:54,0
DA:58,1
DA:59,0
DA:60,0
DA:62,0
DA:66,1
DA:67,0
DA:68,0
DA:70,0
DA:74,1
LF:19
LH:7
BRF:0
BRH:0
end_of_record
TN:
SF:models/refreshTokenModel.js
FN:51,(anonymous_0)
FNF:1
FNH:1
FNDA:1,(anonymous_0)
DA:31,1
DA:32,1
DA:33,1
DA:35,1
DA:51,1
DA:52,1
DA:53,1
DA:54,1
DA:55,1
DA:57,0
DA:61,1
LF:11
LH:10
BRF:0
BRH:0
end_of_record
TN:
SF:models/userModel.js
FN:171,(anonymous_0)
FN:191,(anonymous_1)
FN:212,(anonymous_2)
FNF:3
FNH:2
FNDA:2,(anonymous_0)
FNDA:1,(anonymous_1)
FNDA:0,(anonymous_2)
DA:96,1
DA:97,1
DA:98,1
DA:100,1
DA:171,1
DA:172,2
DA:173,2
DA:175,2
DA:177,2
DA:178,2
DA:181,0
DA:183,0
DA:188,0
DA:191,1
DA:192,1
DA:194,1
DA:195,0
DA:198,1
DA:200,1
DA:201,0
DA:204,1
DA:205,1
DA:206,0
DA:209,1
DA:212,1
DA:213,0
DA:214,0
DA:217,0
DA:218,0
DA:221,0
DA:233,0
DA:234,0
DA:240,0
DA:242,0
DA:246,1
LF:35
LH:20
BRDA:177,0,0,2
BRDA:177,0,1,0
BRDA:192,1,0,0
BRDA:192,1,1,1
BRDA:194,2,0,0
BRDA:194,2,1,1
BRDA:194,3,0,1
BRDA:194,3,1,1
BRDA:200,4,0,0
BRDA:200,4,1,1
BRDA:205,5,0,0
BRDA:205,5,1,1
BRDA:217,6,0,0
BRDA:217,6,1,0
BRDA:222,7,0,0
BRDA:222,7,1,0
BRDA:223,8,0,0
BRDA:223,8,1,0
BRDA:224,9,0,0
BRDA:224,9,1,0
BRDA:225,10,0,0
BRDA:225,10,1,0
BRDA:226,11,0,0
BRDA:226,11,1,0
BRDA:227,12,0,0
BRDA:227,12,1,0
BRDA:228,13,0,0
BRDA:228,13,1,0
BRDA:229,14,0,0
BRDA:229,14,1,0
BRDA:230,15,0,0
BRDA:230,15,1,0
BRF:32
BRH:7
end_of_record
TN:
SF:routes/orders.js
FNF:0
FNH:0
DA:1,1
DA:2,1
DA:9,1
DA:39,1
DA:72,1
DA:102,1
DA:142,1
DA:144,1
LF:8
LH:8
BRF:0
BRH:0
end_of_record
TN:
SF:routes/products.js
FNF:0
FNH:0
DA:1,1
DA:2,1
DA:15,1
DA:39,1
DA:67,1
DA:97,1
DA:133,1
DA:163,1
DA:197,1
DA:236,1
DA:269,1
DA:304,1
DA:345,1
DA:347,1
LF:14
LH:14
BRF:0
BRH:0
end_of_record
TN:
SF:routes/user.js
FNF:0
FNH:0
DA:1,1
DA:5,1
DA:15,1
DA:17,1
DA:61,1
DA:99,1
DA:129,1
DA:155,1
DA:186,1
DA:217,1
DA:245,1
DA:271,1
DA:307,1
DA:338,1
DA:340,1
LF:15
LH:15
BRF:0
BRH:0
end_of_record
TN:
SF:utils/mailer.js
FN:3,(anonymous_0)
FNF:1
FNH:0
FNDA:0,(anonymous_0)
DA:1,1
DA:3,1
DA:4,0
DA:17,0
DA:23,0
DA:26,1
LF:6
LH:3
BRF:0
BRH:0
end_of_record
TN:
SF:utils/swaggerOptions.js
FNF:0
FNH:0
DA:1,1
DA:21,1
LF:2
LH:2
BRF:0
BRH:0
end_of_record
